<?xml version="1.0" encoding="UTF-8"?>
<!-- Generated by org.testng.reporters.JUnitReportReporter -->
<testsuite hostname="DESKTOP-TM236BS" failures="0" tests="1" name="com.myntra.clothes.Test" time="0.020" errors="0" timestamp="2021-05-08T08:47:34 IST" skipped="0">
  <testcase classname="com.myntra.clothes.Test" name="hey" time="0.020"/>
  <system-out/>
</testsuite> <!-- com.myntra.clothes.Test -->
